  stdafx.cpp
c:\program files (x86)\microsoft visual studio 14.0\vc\atlmfc\include\afx.h(38): warning C4996: 'MBCS_Support_Deprecated_In_MFC': MBCS support in MFC is deprecated and may be removed in a future version of MFC.
  c:\program files (x86)\microsoft visual studio 14.0\vc\atlmfc\include\afx.h(33): note: 'MBCS_Support_Deprecated_In_MFC' 선언을 참조하십시오.
  MyImageTextButton.cpp
  MyImageScrollBar.cpp
  MyGroupBox.cpp
  MyEditInSpinBox.cpp
  MyEdit.cpp
  MyComboBox.cpp
  MyCaptionButton.cpp
d:\git\lats\lats\lats\mycaptionbutton.cpp(117): warning C4800: 'BOOL': 'true' 또는 'false'로 bool 값을 강제하고 있습니다(성능 경고).
  LATSManager.cpp
d:\git\lats\lats\lats\latsmanager.cpp(61): warning C4018: '<': signed 또는 unsigned가 일치하지 않습니다.
  LATS.cpp
  DlgUserInfo.cpp
  DlgStrategyScrollFrame.cpp
  DlgStrategyScroll.cpp
  DlgStrategySave.cpp
  DlgStrategyMain.cpp
  DlgStrategyInfo.cpp
  DlgStrategyFrame.cpp
  DlgScrollBase.cpp
  DlgMainFrame.cpp
  DlgHistory.cpp
  DlgChildBase.cpp
  코드를 생성하고 있습니다...
  컴파일하고 있습니다...
  DlgCaption.cpp
  ApiKiwoom.cpp
  코드를 생성하고 있습니다...
  LATS.vcxproj -> D:\Git\LATS\LATS\Debug\LATS.exe
  LATS.vcxproj -> D:\Git\LATS\LATS\Debug\LATS.pdb (Full PDB)
